2026-07-08 22:44:48,183 | INFO | Loading dataset...
2026-07-08 22:47:05,865 | INFO | Loading dataset...
2026-07-08 22:47:05,955 | INFO | Dataset Loaded : (5043, 22)
2026-07-08 22:47:06,056 | INFO | Duplicates Removed : 0
2026-07-08 22:47:06,207 | INFO | Clean Dataset Saved : C:\Users\raich\Desktop\churn\Customer-Churn-Demand-Prediction-Using-ML\data\processed\cleaned_telco.csv
2026-07-08 23:00:58,904 | INFO | Loading cleaned dataset...
2026-07-08 23:00:58,955 | INFO | Dataset Shape : (5043, 23)
2026-07-08 23:00:58,957 | INFO | Features : 21
2026-07-08 23:00:58,997 | INFO | Missing values handled successfully.
2026-07-08 23:00:59,047 | INFO | Categorical encoding completed.
2026-07-08 23:00:59,069 | INFO | Feature scaling completed.
2026-07-08 23:00:59,070 | INFO | Dataset preprocessing completed.
2026-07-08 23:00:59,071 | INFO | Performing Train-Test Split...
2026-07-08 23:06:37,679 | INFO | Loading dataset...
2026-07-08 23:06:37,726 | INFO | Dataset Loaded : (5043, 22)
2026-07-08 23:06:37,839 | INFO | Duplicates Removed : 0
2026-07-08 23:06:37,971 | INFO | Clean Dataset Saved : C:\Users\raich\Desktop\churn\Customer-Churn-Demand-Prediction-Using-ML\data\processed\cleaned_telco.csv
2026-07-08 23:12:53,867 | INFO | Loading cleaned dataset...
2026-07-08 23:12:53,940 | INFO | Dataset Shape : (5042, 21)
2026-07-08 23:12:53,943 | INFO | Features : 19
2026-07-08 23:12:53,986 | INFO | Missing values handled successfully.
2026-07-08 23:12:54,023 | INFO | Categorical encoding completed.
2026-07-08 23:12:54,038 | INFO | Feature scaling completed.
2026-07-08 23:12:54,039 | INFO | Dataset preprocessing completed.
2026-07-08 23:12:54,039 | INFO | Performing Train-Test Split...
2026-07-08 23:12:54,059 | INFO | Train Shape : (4033, 19)
2026-07-08 23:12:54,059 | INFO | Test Shape : (1009, 19)
2026-07-08 23:12:54,060 | INFO | Applying SMOTE...
2026-07-08 23:12:58,974 | INFO | Resampled Shape : (5928, 19)
2026-07-08 23:12:58,974 | INFO | Saving processed datasets...
2026-07-08 23:12:59,371 | INFO | Processed datasets saved.
2026-07-08 23:12:59,372 | INFO | Saving resampled datasets...
2026-07-08 23:12:59,754 | INFO | Resampled datasets saved.
2026-07-08 23:12:59,755 | INFO | Original Class Distribution
2026-07-08 23:12:59,759 | INFO | Resampled Class Distribution
2026-07-08 23:12:59,770 | INFO | Scaler saved : C:\Users\raich\Desktop\churn\Customer-Churn-Demand-Prediction-Using-ML\models\standard_scaler.pkl
2026-07-08 23:12:59,777 | INFO | Label Encoders saved : C:\Users\raich\Desktop\churn\Customer-Churn-Demand-Prediction-Using-ML\models\label_encoders.pkl
2026-07-08 23:12:59,780 | INFO | Feature Columns saved : C:\Users\raich\Desktop\churn\Customer-Churn-Demand-Prediction-Using-ML\models\feature_columns.pkl
2026-07-08 23:12:59,787 | INFO | Pipeline saved : C:\Users\raich\Desktop\churn\Customer-Churn-Demand-Prediction-Using-ML\models\preprocessing_pipeline.pkl
2026-07-08 23:12:59,787 | INFO | ============================================================
2026-07-08 23:12:59,789 | INFO | PREPROCESSING COMPLETED SUCCESSFULLY
2026-07-08 23:12:59,790 | INFO | ============================================================
2026-07-08 23:22:47,369 | INFO | Loading processed datasets...
2026-07-08 23:22:47,505 | INFO | Processed datasets loaded successfully.
2026-07-08 23:22:47,505 | INFO | Training Started...
2026-07-08 23:24:07,563 | INFO | Training Completed.
2026-07-08 23:24:07,572 | INFO | Best Model Saved : C:\Users\raich\Desktop\churn\Customer-Churn-Demand-Prediction-Using-ML\models\churn_model.pkl
2026-07-08 23:24:07,580 | INFO | Metrics Saved : C:\Users\raich\Desktop\churn\Customer-Churn-Demand-Prediction-Using-ML\models\model_metrics.csv
2026-07-08 23:24:07,621 | INFO | Feature Importance Saved : C:\Users\raich\Desktop\churn\Customer-Churn-Demand-Prediction-Using-ML\models\feature_importance.csv
2026-07-08 23:24:07,645 | INFO | ================================================================================
2026-07-08 23:24:07,646 | INFO | MODEL TRAINING COMPLETED
2026-07-08 23:24:07,646 | INFO | ================================================================================
2026-07-08 23:47:19,003 | INFO | Loading cleaned dataset...
2026-07-08 23:48:36,508 | INFO | Loading cleaned dataset...
2026-07-08 23:48:36,550 | INFO | Dataset Shape : (5042, 21)
2026-07-08 23:48:36,556 | INFO | Preprocessing pipeline created.
2026-07-08 23:48:36,557 | INFO | Fitting preprocessing pipeline...
2026-07-08 23:48:36,629 | INFO | Processed Feature Shape : (5042, 39)
2026-07-08 23:48:36,630 | INFO | Splitting dataset...
2026-07-08 23:48:36,638 | INFO | Train : (4033, 39)
2026-07-08 23:48:36,639 | INFO | Test  : (1009, 39)
2026-07-08 23:48:36,639 | INFO | Applying SMOTE...
2026-07-08 23:48:40,598 | INFO | Resampled Shape : (5928, 39)
2026-07-08 23:48:40,842 | INFO | Processed datasets saved.
2026-07-08 23:48:41,200 | INFO | Resampled datasets saved.
2026-07-08 23:48:41,216 | INFO | Pipeline Saved : C:\Users\raich\Desktop\churn\Customer-Churn-Demand-Prediction-Using-ML\models\preprocessing_pipeline.pkl
2026-07-08 23:48:41,221 | INFO | Feature Columns Saved : C:\Users\raich\Desktop\churn\Customer-Churn-Demand-Prediction-Using-ML\models\feature_columns.pkl
2026-07-08 23:54:46,823 | INFO | Loading cleaned dataset...
2026-07-08 23:54:46,863 | INFO | Dataset Shape : (5042, 21)
2026-07-08 23:54:46,868 | INFO | Preprocessing pipeline created.
2026-07-08 23:54:46,868 | INFO | Fitting preprocessing pipeline...
2026-07-08 23:54:46,942 | INFO | Processed Feature Shape : (5042, 39)
2026-07-08 23:54:46,943 | INFO | Splitting dataset...
2026-07-08 23:54:46,951 | INFO | Train : (4033, 39)
2026-07-08 23:54:46,951 | INFO | Test  : (1009, 39)
2026-07-08 23:54:46,952 | INFO | Applying SMOTE...
2026-07-08 23:54:50,503 | INFO | Resampled Shape : (5928, 39)
2026-07-08 23:54:50,749 | INFO | Processed datasets saved.
2026-07-08 23:54:51,112 | INFO | Resampled datasets saved.
2026-07-08 23:54:51,121 | INFO | Pipeline Saved : C:\Users\raich\Desktop\churn\Customer-Churn-Demand-Prediction-Using-ML\models\preprocessing_pipeline.pkl
2026-07-08 23:54:51,124 | INFO | Feature Columns Saved : C:\Users\raich\Desktop\churn\Customer-Churn-Demand-Prediction-Using-ML\models\feature_columns.pkl
2026-07-08 23:55:15,467 | INFO | Loading processed dataset...
2026-07-08 23:55:15,568 | INFO | Dataset Loaded Successfully.
2026-07-08 23:55:15,569 | INFO | ======================================================================
2026-07-08 23:55:15,569 | INFO | Training Models...
2026-07-08 23:55:15,570 | INFO | ======================================================================
2026-07-08 23:56:48,435 | INFO | Training Completed.
2026-07-08 23:56:48,467 | INFO | Best Model Saved : C:\Users\raich\Desktop\churn\Customer-Churn-Demand-Prediction-Using-ML\models\churn_model.pkl
2026-07-08 23:56:48,477 | INFO | Metrics Saved : C:\Users\raich\Desktop\churn\Customer-Churn-Demand-Prediction-Using-ML\models\model_metrics.csv
2026-07-08 23:56:48,480 | INFO | Best Model Info Saved : C:\Users\raich\Desktop\churn\Customer-Churn-Demand-Prediction-Using-ML\models\best_model_info.json
2026-07-08 23:56:48,483 | INFO | ================================================================================
2026-07-08 23:56:48,483 | INFO | MODEL TRAINING COMPLETED
2026-07-08 23:56:48,484 | INFO | ================================================================================
2026-07-09 10:39:03,704 | INFO | ======================================================================
2026-07-09 10:39:03,706 | INFO | Starting Hyperparameter Optimization...
2026-07-09 10:39:03,706 | INFO | ======================================================================
2026-07-09 10:39:03,713 | INFO | Loading processed dataset...
2026-07-09 10:39:03,767 | INFO | Training Shape : (4033, 39)
2026-07-09 10:39:13,393 | INFO | Loading processed dataset...
2026-07-09 10:39:13,437 | INFO | Training Shape : (4033, 39)
2026-07-09 10:39:15,535 | INFO | Loading processed dataset...
2026-07-09 10:39:15,576 | INFO | Training Shape : (4033, 39)
2026-07-09 10:39:17,173 | INFO | Loading processed dataset...
2026-07-09 10:39:17,216 | INFO | Training Shape : (4033, 39)
2026-07-09 10:39:18,629 | INFO | Loading processed dataset...
2026-07-09 10:39:18,671 | INFO | Training Shape : (4033, 39)
2026-07-09 10:39:20,897 | INFO | Loading processed dataset...
2026-07-09 10:39:20,942 | INFO | Training Shape : (4033, 39)
2026-07-09 10:39:26,146 | INFO | Loading processed dataset...
2026-07-09 10:39:26,183 | INFO | Training Shape : (4033, 39)
2026-07-09 10:39:27,128 | INFO | Loading processed dataset...
2026-07-09 10:39:27,167 | INFO | Training Shape : (4033, 39)
2026-07-09 10:39:29,029 | INFO | Loading processed dataset...
2026-07-09 10:39:29,068 | INFO | Training Shape : (4033, 39)
2026-07-09 10:39:30,028 | INFO | Loading processed dataset...
2026-07-09 10:39:30,063 | INFO | Training Shape : (4033, 39)
2026-07-09 10:39:31,335 | INFO | Loading processed dataset...
2026-07-09 10:39:31,370 | INFO | Training Shape : (4033, 39)
2026-07-09 10:39:34,790 | INFO | Loading processed dataset...
2026-07-09 10:39:34,832 | INFO | Training Shape : (4033, 39)
2026-07-09 10:39:37,951 | INFO | Loading processed dataset...
2026-07-09 10:39:37,991 | INFO | Training Shape : (4033, 39)
2026-07-09 10:39:39,820 | INFO | Loading processed dataset...
2026-07-09 10:39:39,855 | INFO | Training Shape : (4033, 39)
2026-07-09 10:39:41,383 | INFO | Loading processed dataset...
2026-07-09 10:39:41,423 | INFO | Training Shape : (4033, 39)
2026-07-09 10:39:43,692 | INFO | Loading processed dataset...
2026-07-09 10:39:43,732 | INFO | Training Shape : (4033, 39)
2026-07-09 10:39:45,951 | INFO | Loading processed dataset...
2026-07-09 10:39:45,986 | INFO | Training Shape : (4033, 39)
2026-07-09 10:39:51,611 | INFO | Loading processed dataset...
2026-07-09 10:39:51,653 | INFO | Training Shape : (4033, 39)
2026-07-09 10:39:53,405 | INFO | Loading processed dataset...
2026-07-09 10:39:53,450 | INFO | Training Shape : (4033, 39)
2026-07-09 10:39:57,519 | INFO | Loading processed dataset...
2026-07-09 10:39:57,560 | INFO | Training Shape : (4033, 39)
2026-07-09 10:40:00,432 | INFO | Loading processed dataset...
2026-07-09 10:40:00,474 | INFO | Training Shape : (4033, 39)
2026-07-09 10:40:02,618 | INFO | Loading processed dataset...
2026-07-09 10:40:02,659 | INFO | Training Shape : (4033, 39)
2026-07-09 10:40:04,846 | INFO | Loading processed dataset...
2026-07-09 10:40:04,892 | INFO | Training Shape : (4033, 39)
2026-07-09 10:40:06,718 | INFO | Loading processed dataset...
2026-07-09 10:40:06,751 | INFO | Training Shape : (4033, 39)
2026-07-09 10:40:08,573 | INFO | Loading processed dataset...
2026-07-09 10:40:08,618 | INFO | Training Shape : (4033, 39)
2026-07-09 10:40:11,057 | INFO | Loading processed dataset...
2026-07-09 10:40:11,103 | INFO | Training Shape : (4033, 39)
2026-07-09 10:40:12,979 | INFO | Loading processed dataset...
2026-07-09 10:40:13,016 | INFO | Training Shape : (4033, 39)
2026-07-09 10:40:15,214 | INFO | Loading processed dataset...
2026-07-09 10:40:15,248 | INFO | Training Shape : (4033, 39)
2026-07-09 10:40:16,916 | INFO | Loading processed dataset...
2026-07-09 10:40:16,955 | INFO | Training Shape : (4033, 39)
2026-07-09 10:40:18,666 | INFO | Loading processed dataset...
2026-07-09 10:40:18,708 | INFO | Training Shape : (4033, 39)
2026-07-09 10:40:20,329 | INFO | Loading processed dataset...
2026-07-09 10:40:20,372 | INFO | Training Shape : (4033, 39)
2026-07-09 10:40:27,040 | INFO | Loading processed dataset...
2026-07-09 10:40:27,081 | INFO | Training Shape : (4033, 39)
2026-07-09 10:40:29,168 | INFO | Loading processed dataset...
2026-07-09 10:40:29,207 | INFO | Training Shape : (4033, 39)
2026-07-09 10:40:32,202 | INFO | Loading processed dataset...
2026-07-09 10:40:32,242 | INFO | Training Shape : (4033, 39)
2026-07-09 10:40:35,340 | INFO | Loading processed dataset...
2026-07-09 10:40:35,383 | INFO | Training Shape : (4033, 39)
2026-07-09 10:40:38,636 | INFO | Loading processed dataset...
2026-07-09 10:40:38,677 | INFO | Training Shape : (4033, 39)
2026-07-09 10:40:42,469 | INFO | Loading processed dataset...
2026-07-09 10:40:42,516 | INFO | Training Shape : (4033, 39)
2026-07-09 10:40:45,962 | INFO | Loading processed dataset...
2026-07-09 10:40:46,002 | INFO | Training Shape : (4033, 39)
2026-07-09 10:40:49,069 | INFO | Loading processed dataset...
2026-07-09 10:40:49,109 | INFO | Training Shape : (4033, 39)
2026-07-09 10:40:51,071 | INFO | Loading processed dataset...
2026-07-09 10:40:51,114 | INFO | Training Shape : (4033, 39)
2026-07-09 10:40:54,216 | INFO | Loading processed dataset...
2026-07-09 10:40:54,255 | INFO | Training Shape : (4033, 39)
2026-07-09 10:40:56,937 | INFO | Loading processed dataset...
2026-07-09 10:40:56,979 | INFO | Training Shape : (4033, 39)
2026-07-09 10:40:59,283 | INFO | Loading processed dataset...
2026-07-09 10:40:59,325 | INFO | Training Shape : (4033, 39)
2026-07-09 10:41:01,216 | INFO | Loading processed dataset...
2026-07-09 10:41:01,255 | INFO | Training Shape : (4033, 39)
2026-07-09 10:41:04,232 | INFO | Loading processed dataset...
2026-07-09 10:41:04,279 | INFO | Training Shape : (4033, 39)
2026-07-09 10:41:05,570 | INFO | Loading processed dataset...
2026-07-09 10:41:05,614 | INFO | Training Shape : (4033, 39)
2026-07-09 10:41:08,074 | INFO | Loading processed dataset...
2026-07-09 10:41:08,116 | INFO | Training Shape : (4033, 39)
2026-07-09 10:41:08,809 | INFO | Loading processed dataset...
2026-07-09 10:41:08,852 | INFO | Training Shape : (4033, 39)
2026-07-09 10:41:10,907 | INFO | Loading processed dataset...
2026-07-09 10:41:10,952 | INFO | Training Shape : (4033, 39)
2026-07-09 10:41:11,519 | INFO | Loading processed dataset...
2026-07-09 10:41:11,563 | INFO | Training Shape : (4033, 39)
2026-07-09 10:41:14,727 | INFO | Loading processed dataset...
2026-07-09 10:41:14,770 | INFO | Training Shape : (4033, 39)
2026-07-09 10:41:15,559 | INFO | Loading processed dataset...
2026-07-09 10:41:15,596 | INFO | Training Shape : (4033, 39)
2026-07-09 10:41:16,868 | INFO | Loading processed dataset...
2026-07-09 10:41:16,908 | INFO | Training Shape : (4033, 39)
2026-07-09 10:41:18,270 | INFO | Loading processed dataset...
2026-07-09 10:41:18,306 | INFO | Training Shape : (4033, 39)
2026-07-09 10:41:19,127 | INFO | Loading processed dataset...
2026-07-09 10:41:19,166 | INFO | Training Shape : (4033, 39)
2026-07-09 10:41:20,106 | INFO | Loading processed dataset...
2026-07-09 10:41:20,143 | INFO | Training Shape : (4033, 39)
2026-07-09 10:41:21,000 | INFO | Loading processed dataset...
2026-07-09 10:41:21,040 | INFO | Training Shape : (4033, 39)
2026-07-09 10:41:24,199 | INFO | Loading processed dataset...
2026-07-09 10:41:24,237 | INFO | Training Shape : (4033, 39)
2026-07-09 10:41:26,017 | INFO | Loading processed dataset...
2026-07-09 10:41:26,052 | INFO | Training Shape : (4033, 39)
2026-07-09 10:41:26,716 | INFO | Loading processed dataset...
2026-07-09 10:41:26,755 | INFO | Training Shape : (4033, 39)
2026-07-09 10:41:29,280 | INFO | Loading processed dataset...
2026-07-09 10:41:29,315 | INFO | Training Shape : (4033, 39)
2026-07-09 10:41:31,095 | INFO | Loading processed dataset...
2026-07-09 10:41:31,129 | INFO | Training Shape : (4033, 39)
2026-07-09 10:41:31,973 | INFO | Loading processed dataset...
2026-07-09 10:41:32,014 | INFO | Training Shape : (4033, 39)
2026-07-09 10:41:32,880 | INFO | Loading processed dataset...
2026-07-09 10:41:32,918 | INFO | Training Shape : (4033, 39)
2026-07-09 10:41:34,259 | INFO | Loading processed dataset...
2026-07-09 10:41:34,296 | INFO | Training Shape : (4033, 39)
2026-07-09 10:41:35,898 | INFO | Loading processed dataset...
2026-07-09 10:41:35,936 | INFO | Training Shape : (4033, 39)
2026-07-09 10:41:36,744 | INFO | Loading processed dataset...
2026-07-09 10:41:36,783 | INFO | Training Shape : (4033, 39)
2026-07-09 10:41:39,164 | INFO | Loading processed dataset...
2026-07-09 10:41:39,204 | INFO | Training Shape : (4033, 39)
2026-07-09 10:41:44,065 | INFO | Loading processed dataset...
2026-07-09 10:41:44,103 | INFO | Training Shape : (4033, 39)
2026-07-09 10:41:45,739 | INFO | Loading processed dataset...
2026-07-09 10:41:45,777 | INFO | Training Shape : (4033, 39)
2026-07-09 10:41:46,886 | INFO | Loading processed dataset...
2026-07-09 10:41:46,925 | INFO | Training Shape : (4033, 39)
2026-07-09 10:41:49,092 | INFO | Loading processed dataset...
2026-07-09 10:41:49,127 | INFO | Training Shape : (4033, 39)
2026-07-09 10:41:49,781 | INFO | Loading processed dataset...
2026-07-09 10:41:49,821 | INFO | Training Shape : (4033, 39)
2026-07-09 10:41:51,354 | INFO | Loading processed dataset...
2026-07-09 10:41:51,388 | INFO | Training Shape : (4033, 39)
2026-07-09 10:41:52,149 | INFO | Loading processed dataset...
2026-07-09 10:41:52,190 | INFO | Training Shape : (4033, 39)
2026-07-09 10:41:52,758 | INFO | Loading processed dataset...
2026-07-09 10:41:52,799 | INFO | Training Shape : (4033, 39)
2026-07-09 10:41:54,648 | INFO | Loading processed dataset...
2026-07-09 10:41:54,688 | INFO | Training Shape : (4033, 39)
2026-07-09 10:41:55,816 | INFO | Loading processed dataset...
2026-07-09 10:41:55,849 | INFO | Training Shape : (4033, 39)
2026-07-09 10:41:58,759 | INFO | Loading processed dataset...
2026-07-09 10:41:58,844 | INFO | Training Shape : (4033, 39)
2026-07-09 10:42:00,172 | INFO | Loading processed dataset...
2026-07-09 10:42:00,232 | INFO | Training Shape : (4033, 39)
2026-07-09 10:42:02,098 | INFO | Loading processed dataset...
2026-07-09 10:42:02,136 | INFO | Training Shape : (4033, 39)
2026-07-09 10:42:05,112 | INFO | Loading processed dataset...
2026-07-09 10:42:05,154 | INFO | Training Shape : (4033, 39)
2026-07-09 10:42:05,840 | INFO | Loading processed dataset...
2026-07-09 10:42:05,880 | INFO | Training Shape : (4033, 39)
2026-07-09 10:42:06,619 | INFO | Loading processed dataset...
2026-07-09 10:42:06,659 | INFO | Training Shape : (4033, 39)
2026-07-09 10:42:07,382 | INFO | Loading processed dataset...
2026-07-09 10:42:07,421 | INFO | Training Shape : (4033, 39)
2026-07-09 10:42:09,886 | INFO | Loading processed dataset...
2026-07-09 10:42:09,924 | INFO | Training Shape : (4033, 39)
2026-07-09 10:42:10,907 | INFO | Loading processed dataset...
2026-07-09 10:42:10,946 | INFO | Training Shape : (4033, 39)
2026-07-09 10:42:11,580 | INFO | Loading processed dataset...
2026-07-09 10:42:11,620 | INFO | Training Shape : (4033, 39)
2026-07-09 10:42:12,227 | INFO | Loading processed dataset...
2026-07-09 10:42:12,260 | INFO | Training Shape : (4033, 39)
2026-07-09 10:42:16,062 | INFO | Loading processed dataset...
2026-07-09 10:42:16,150 | INFO | Training Shape : (4033, 39)
2026-07-09 10:42:18,683 | INFO | Loading processed dataset...
2026-07-09 10:42:18,724 | INFO | Training Shape : (4033, 39)
2026-07-09 10:42:22,246 | INFO | Loading processed dataset...
2026-07-09 10:42:22,284 | INFO | Training Shape : (4033, 39)
2026-07-09 10:42:23,983 | INFO | Loading processed dataset...
2026-07-09 10:42:24,022 | INFO | Training Shape : (4033, 39)
2026-07-09 10:42:26,474 | INFO | Loading processed dataset...
2026-07-09 10:42:26,512 | INFO | Training Shape : (4033, 39)
2026-07-09 10:42:28,164 | INFO | Loading processed dataset...
2026-07-09 10:42:28,202 | INFO | Training Shape : (4033, 39)
2026-07-09 10:42:29,585 | INFO | Loading processed dataset...
2026-07-09 10:42:29,622 | INFO | Training Shape : (4033, 39)
2026-07-09 10:42:31,782 | INFO | Loading processed dataset...
2026-07-09 10:42:31,821 | INFO | Training Shape : (4033, 39)
2026-07-09 10:42:32,667 | INFO | Loading processed dataset...
2026-07-09 10:42:32,708 | INFO | Training Shape : (4033, 39)
2026-07-09 10:42:33,605 | INFO | Loading processed dataset...
2026-07-09 10:42:33,646 | INFO | Training Shape : (4033, 39)
2026-07-09 10:42:35,242 | INFO | Loading processed dataset...
2026-07-09 10:42:35,277 | INFO | Training Shape : (4033, 39)
2026-07-09 10:42:36,633 | INFO | Best Score : 0.8081
2026-07-09 10:42:36,633 | INFO | Best Parameters : {'n_estimators': 715, 'learning_rate': 0.010773878244835989, 'num_leaves': 85, 'max_depth': 4, 'subsample': 0.6659304813492403, 'colsample_bytree': 0.9111497720085444, 'min_child_samples': 71}
2026-07-09 10:42:36,635 | INFO | Loading processed dataset...
2026-07-09 10:42:36,675 | INFO | Training Shape : (4033, 39)
2026-07-09 10:42:36,675 | INFO | Training Best LightGBM Model...
2026-07-09 10:42:37,260 | INFO | Best Model Training Completed.
2026-07-09 10:42:37,320 | INFO | Best Model Saved : C:\Users\raich\Desktop\churn\Customer-Churn-Demand-Prediction-Using-ML\models\best_model.pkl
2026-07-09 10:42:37,323 | INFO | Best Parameters Saved : C:\Users\raich\Desktop\churn\Customer-Churn-Demand-Prediction-Using-ML\models\best_params.json
2026-07-09 10:42:37,416 | INFO | Study Saved : C:\Users\raich\Desktop\churn\Customer-Churn-Demand-Prediction-Using-ML\models\study.pkl
2026-07-09 10:42:37,470 | INFO | Optimization History Saved : C:\Users\raich\Desktop\churn\Customer-Churn-Demand-Prediction-Using-ML\models\optimization_history.csv
2026-07-09 10:42:37,474 | INFO | ================================================================================
2026-07-09 10:42:37,474 | INFO | OPTUNA TUNING COMPLETED
2026-07-09 10:42:37,475 | INFO | ================================================================================
2026-07-09 10:56:31,209 | INFO | Loading processed dataset...
2026-07-09 10:56:31,317 | INFO | Dataset Loaded Successfully.
2026-07-09 10:56:31,317 | INFO | ======================================================================
2026-07-09 10:56:31,319 | INFO | Training Models...
2026-07-09 10:56:31,319 | INFO | ======================================================================
2026-07-09 11:02:17,208 | INFO | Loading processed dataset...
2026-07-09 11:02:17,257 | INFO | Dataset Loaded Successfully.
2026-07-09 11:02:17,258 | INFO | ======================================================================
2026-07-09 11:02:17,258 | INFO | Training Models...
2026-07-09 11:02:17,259 | INFO | ======================================================================
2026-07-09 11:03:55,508 | INFO | Training Completed.
2026-07-09 11:03:55,542 | INFO | Best Model Saved : C:\Users\raich\Desktop\churn\Customer-Churn-Demand-Prediction-Using-ML\models\churn_model.pkl
2026-07-09 11:03:55,547 | INFO | Metrics Saved : C:\Users\raich\Desktop\churn\Customer-Churn-Demand-Prediction-Using-ML\models\model_metrics.csv
2026-07-09 11:03:55,550 | INFO | Best Model Info Saved : C:\Users\raich\Desktop\churn\Customer-Churn-Demand-Prediction-Using-ML\models\best_model_info.json
2026-07-09 11:03:55,555 | INFO | Feature Importance Saved : C:\Users\raich\Desktop\churn\Customer-Churn-Demand-Prediction-Using-ML\models\feature_importance.csv
2026-07-09 11:03:55,565 | INFO | ================================================================================
2026-07-09 11:03:55,565 | INFO | MODEL TRAINING COMPLETED
2026-07-09 11:03:55,566 | INFO | ================================================================================
2026-07-09 11:05:16,345 | INFO | Loading processed dataset...
2026-07-09 11:05:16,380 | INFO | Training Shape : (4033, 39)
2026-07-09 11:06:14,876 | INFO | Loading processed dataset...
2026-07-09 11:06:14,917 | INFO | Training Shape : (4033, 39)
2026-07-09 11:06:54,653 | INFO | Loading processed dataset...
2026-07-09 11:06:54,686 | INFO | Training Shape : (4033, 39)
2026-07-09 11:07:02,448 | INFO | Loading processed dataset...
2026-07-09 11:07:02,478 | INFO | Training Shape : (4033, 39)
2026-07-09 11:07:10,614 | INFO | Loading processed dataset...
2026-07-09 11:07:10,644 | INFO | Training Shape : (4033, 39)
2026-07-09 11:07:25,026 | INFO | Loading processed dataset...
2026-07-09 11:07:25,057 | INFO | Training Shape : (4033, 39)
2026-07-09 11:07:46,671 | INFO | Loading processed dataset...
2026-07-09 11:07:46,700 | INFO | Training Shape : (4033, 39)
2026-07-09 11:08:11,592 | INFO | Loading processed dataset...
2026-07-09 11:08:11,641 | INFO | Training Shape : (4033, 39)
2026-07-09 11:09:52,780 | INFO | Loading processed dataset...
2026-07-09 11:09:52,828 | INFO | Training Shape : (4033, 39)
2026-07-09 11:10:00,554 | INFO | Loading processed dataset...
2026-07-09 11:10:00,583 | INFO | Training Shape : (4033, 39)
2026-07-09 11:10:13,405 | INFO | Loading processed dataset...
2026-07-09 11:10:13,437 | INFO | Training Shape : (4033, 39)
2026-07-09 11:10:47,883 | INFO | Loading processed dataset...
2026-07-09 11:10:47,919 | INFO | Training Shape : (4033, 39)
2026-07-09 11:10:52,665 | INFO | Loading processed dataset...
2026-07-09 11:10:52,692 | INFO | Training Shape : (4033, 39)
2026-07-09 11:11:05,524 | INFO | Loading processed dataset...
2026-07-09 11:11:05,555 | INFO | Training Shape : (4033, 39)
2026-07-09 11:11:22,847 | INFO | Loading processed dataset...
2026-07-09 11:11:22,879 | INFO | Training Shape : (4033, 39)
2026-07-09 11:11:41,079 | INFO | Loading processed dataset...
2026-07-09 11:11:41,113 | INFO | Training Shape : (4033, 39)
2026-07-09 11:11:48,454 | INFO | Loading processed dataset...
2026-07-09 11:11:48,482 | INFO | Training Shape : (4033, 39)
2026-07-09 11:11:56,679 | INFO | Loading processed dataset...
2026-07-09 11:11:56,710 | INFO | Training Shape : (4033, 39)
2026-07-09 11:12:14,190 | INFO | Loading processed dataset...
2026-07-09 11:12:14,221 | INFO | Training Shape : (4033, 39)
2026-07-09 11:12:22,272 | INFO | Loading processed dataset...
2026-07-09 11:12:22,300 | INFO | Training Shape : (4033, 39)
2026-07-09 11:12:40,093 | INFO | Loading processed dataset...
2026-07-09 11:12:40,126 | INFO | Training Shape : (4033, 39)
2026-07-09 11:13:05,556 | INFO | Loading processed dataset...
2026-07-09 11:13:05,590 | INFO | Training Shape : (4033, 39)
2026-07-09 11:13:13,245 | INFO | Loading processed dataset...
2026-07-09 11:13:13,277 | INFO | Training Shape : (4033, 39)
2026-07-09 11:14:49,253 | INFO | Loading processed dataset...
2026-07-09 11:14:49,283 | INFO | Training Shape : (4033, 39)
2026-07-09 11:14:57,015 | INFO | Loading processed dataset...
2026-07-09 11:14:57,061 | INFO | Training Shape : (4033, 39)
2026-07-09 11:15:08,869 | INFO | Loading processed dataset...
2026-07-09 11:15:08,899 | INFO | Training Shape : (4033, 39)
2026-07-09 11:15:21,635 | INFO | Loading processed dataset...
2026-07-09 11:15:21,665 | INFO | Training Shape : (4033, 39)
2026-07-09 11:15:29,680 | INFO | Loading processed dataset...
2026-07-09 11:15:29,707 | INFO | Training Shape : (4033, 39)
2026-07-09 11:15:36,226 | INFO | Loading processed dataset...
2026-07-09 11:15:36,257 | INFO | Training Shape : (4033, 39)
2026-07-09 11:15:42,476 | INFO | Loading processed dataset...
2026-07-09 11:15:42,504 | INFO | Training Shape : (4033, 39)
2026-07-09 11:15:53,940 | INFO | Loading processed dataset...
2026-07-09 11:15:53,970 | INFO | Training Shape : (4033, 39)
2026-07-09 11:16:07,249 | INFO | Loading processed dataset...
2026-07-09 11:16:07,277 | INFO | Training Shape : (4033, 39)
2026-07-09 11:16:15,482 | INFO | Loading processed dataset...
2026-07-09 11:16:15,509 | INFO | Training Shape : (4033, 39)
2026-07-09 11:16:24,454 | INFO | Loading processed dataset...
2026-07-09 11:16:24,481 | INFO | Training Shape : (4033, 39)
2026-07-09 11:16:33,355 | INFO | Loading processed dataset...
2026-07-09 11:16:33,383 | INFO | Training Shape : (4033, 39)
2026-07-09 11:16:42,275 | INFO | Loading processed dataset...
2026-07-09 11:16:42,305 | INFO | Training Shape : (4033, 39)
2026-07-09 11:16:52,650 | INFO | Loading processed dataset...
2026-07-09 11:16:52,686 | INFO | Training Shape : (4033, 39)
2026-07-09 11:17:05,880 | INFO | Loading processed dataset...
2026-07-09 11:17:05,909 | INFO | Training Shape : (4033, 39)
2026-07-09 11:17:19,191 | INFO | Loading processed dataset...
2026-07-09 11:17:19,221 | INFO | Training Shape : (4033, 39)
2026-07-09 11:17:33,270 | INFO | Loading processed dataset...
2026-07-09 11:17:33,299 | INFO | Training Shape : (4033, 39)
2026-07-09 11:18:25,651 | INFO | Loading processed dataset...
2026-07-09 11:18:25,684 | INFO | Training Shape : (4033, 39)
2026-07-09 11:18:40,492 | INFO | Loading processed dataset...
2026-07-09 11:18:40,523 | INFO | Training Shape : (4033, 39)
2026-07-09 11:18:54,238 | INFO | Loading processed dataset...
2026-07-09 11:18:54,267 | INFO | Training Shape : (4033, 39)
2026-07-09 11:19:07,899 | INFO | Loading processed dataset...
2026-07-09 11:19:07,928 | INFO | Training Shape : (4033, 39)
2026-07-09 11:19:22,702 | INFO | Loading processed dataset...
2026-07-09 11:19:22,729 | INFO | Training Shape : (4033, 39)
2026-07-09 11:19:40,981 | INFO | Loading processed dataset...
2026-07-09 11:19:41,013 | INFO | Training Shape : (4033, 39)
2026-07-09 11:19:58,615 | INFO | Loading processed dataset...
2026-07-09 11:19:58,648 | INFO | Training Shape : (4033, 39)
2026-07-09 11:20:17,342 | INFO | Loading processed dataset...
2026-07-09 11:20:17,375 | INFO | Training Shape : (4033, 39)
2026-07-09 11:20:35,399 | INFO | Loading processed dataset...
2026-07-09 11:20:35,428 | INFO | Training Shape : (4033, 39)
2026-07-09 11:20:51,915 | INFO | Loading processed dataset...
2026-07-09 11:20:51,946 | INFO | Training Shape : (4033, 39)
2026-07-09 11:21:06,164 | INFO | Loading processed dataset...
2026-07-09 11:21:06,194 | INFO | Training Shape : (4033, 39)
2026-07-09 11:21:22,421 | INFO | Loading processed dataset...
2026-07-09 11:21:22,450 | INFO | Training Shape : (4033, 39)
2026-07-09 11:21:35,822 | INFO | Loading processed dataset...
2026-07-09 11:21:35,850 | INFO | Training Shape : (4033, 39)
2026-07-09 11:21:50,213 | INFO | Loading processed dataset...
2026-07-09 11:21:50,241 | INFO | Training Shape : (4033, 39)
2026-07-09 11:22:03,602 | INFO | Loading processed dataset...
2026-07-09 11:22:03,629 | INFO | Training Shape : (4033, 39)
2026-07-09 11:22:19,981 | INFO | Loading processed dataset...
2026-07-09 11:22:20,009 | INFO | Training Shape : (4033, 39)
2026-07-09 11:22:30,754 | INFO | Loading processed dataset...
2026-07-09 11:22:30,783 | INFO | Training Shape : (4033, 39)
2026-07-09 11:22:43,329 | INFO | Loading processed dataset...
2026-07-09 11:22:43,356 | INFO | Training Shape : (4033, 39)
2026-07-09 11:22:55,325 | INFO | Loading processed dataset...
2026-07-09 11:22:55,353 | INFO | Training Shape : (4033, 39)
2026-07-09 11:23:09,294 | INFO | Loading processed dataset...
2026-07-09 11:23:09,321 | INFO | Training Shape : (4033, 39)
2026-07-09 11:23:21,483 | INFO | Loading processed dataset...
2026-07-09 11:23:21,510 | INFO | Training Shape : (4033, 39)
2026-07-09 11:23:33,174 | INFO | Loading processed dataset...
2026-07-09 11:23:33,206 | INFO | Training Shape : (4033, 39)
2026-07-09 11:23:44,823 | INFO | Loading processed dataset...
2026-07-09 11:23:44,851 | INFO | Training Shape : (4033, 39)
2026-07-09 11:23:56,625 | INFO | Loading processed dataset...
2026-07-09 11:23:56,653 | INFO | Training Shape : (4033, 39)
2026-07-09 11:24:08,245 | INFO | Loading processed dataset...
2026-07-09 11:24:08,274 | INFO | Training Shape : (4033, 39)
2026-07-09 11:24:20,107 | INFO | Loading processed dataset...
2026-07-09 11:24:20,135 | INFO | Training Shape : (4033, 39)
2026-07-09 11:24:37,040 | INFO | Loading processed dataset...
2026-07-09 11:24:37,071 | INFO | Training Shape : (4033, 39)
2026-07-09 11:24:48,737 | INFO | Loading processed dataset...
2026-07-09 11:24:48,762 | INFO | Training Shape : (4033, 39)
2026-07-09 11:25:02,074 | INFO | Loading processed dataset...
2026-07-09 11:25:02,101 | INFO | Training Shape : (4033, 39)
2026-07-09 11:25:14,709 | INFO | Loading processed dataset...
2026-07-09 11:25:14,738 | INFO | Training Shape : (4033, 39)
2026-07-09 11:25:35,910 | INFO | Loading processed dataset...
2026-07-09 11:25:35,939 | INFO | Training Shape : (4033, 39)
2026-07-09 11:25:45,986 | INFO | Loading processed dataset...
2026-07-09 11:25:46,014 | INFO | Training Shape : (4033, 39)
2026-07-09 11:25:56,754 | INFO | Loading processed dataset...
2026-07-09 11:25:56,780 | INFO | Training Shape : (4033, 39)
2026-07-09 11:26:08,226 | INFO | Loading processed dataset...
2026-07-09 11:26:08,253 | INFO | Training Shape : (4033, 39)
2026-07-09 11:26:20,086 | INFO | Loading processed dataset...
2026-07-09 11:26:20,113 | INFO | Training Shape : (4033, 39)
2026-07-09 11:26:30,188 | INFO | Loading processed dataset...
2026-07-09 11:26:30,216 | INFO | Training Shape : (4033, 39)
2026-07-09 11:26:40,372 | INFO | Loading processed dataset...
2026-07-09 11:26:40,399 | INFO | Training Shape : (4033, 39)
2026-07-09 11:26:52,730 | INFO | Loading processed dataset...
2026-07-09 11:26:52,760 | INFO | Training Shape : (4033, 39)
2026-07-09 11:27:04,327 | INFO | Loading processed dataset...
2026-07-09 11:27:04,355 | INFO | Training Shape : (4033, 39)
2026-07-09 11:27:18,052 | INFO | Loading processed dataset...
2026-07-09 11:27:18,080 | INFO | Training Shape : (4033, 39)
2026-07-09 11:27:28,415 | INFO | Loading processed dataset...
2026-07-09 11:27:28,441 | INFO | Training Shape : (4033, 39)
2026-07-09 11:27:56,785 | INFO | Loading processed dataset...
2026-07-09 11:27:56,817 | INFO | Training Shape : (4033, 39)
2026-07-09 11:28:09,739 | INFO | Loading processed dataset...
2026-07-09 11:28:09,779 | INFO | Training Shape : (4033, 39)
2026-07-09 11:28:26,695 | INFO | Loading processed dataset...
2026-07-09 11:28:26,727 | INFO | Training Shape : (4033, 39)
2026-07-09 11:28:39,147 | INFO | Loading processed dataset...
2026-07-09 11:28:39,175 | INFO | Training Shape : (4033, 39)
2026-07-09 11:28:50,477 | INFO | Loading processed dataset...
2026-07-09 11:28:50,509 | INFO | Training Shape : (4033, 39)
2026-07-09 11:29:01,085 | INFO | Loading processed dataset...
2026-07-09 11:29:01,116 | INFO | Training Shape : (4033, 39)
2026-07-09 11:29:11,272 | INFO | Loading processed dataset...
2026-07-09 11:29:11,304 | INFO | Training Shape : (4033, 39)
2026-07-09 11:30:05,900 | INFO | Loading processed dataset...
2026-07-09 11:30:05,948 | INFO | Training Shape : (4033, 39)
2026-07-09 11:30:41,468 | INFO | Loading processed dataset...
2026-07-09 11:30:41,513 | INFO | Training Shape : (4033, 39)
2026-07-09 11:30:49,211 | INFO | Loading processed dataset...
2026-07-09 11:30:49,239 | INFO | Training Shape : (4033, 39)
2026-07-09 11:31:00,303 | INFO | Loading processed dataset...
2026-07-09 11:31:00,335 | INFO | Training Shape : (4033, 39)
2026-07-09 11:31:12,599 | INFO | Loading processed dataset...
2026-07-09 11:31:12,626 | INFO | Training Shape : (4033, 39)
2026-07-09 11:31:23,246 | INFO | Loading processed dataset...
2026-07-09 11:31:23,274 | INFO | Training Shape : (4033, 39)
2026-07-09 11:31:33,457 | INFO | Loading processed dataset...
2026-07-09 11:31:33,486 | INFO | Training Shape : (4033, 39)
2026-07-09 11:31:44,937 | INFO | Loading processed dataset...
2026-07-09 11:31:44,970 | INFO | Training Shape : (4033, 39)
2026-07-09 11:31:58,654 | INFO | Loading processed dataset...
2026-07-09 11:31:58,685 | INFO | Training Shape : (4033, 39)
2026-07-09 11:32:09,825 | INFO | Loading processed dataset...
2026-07-09 11:32:09,853 | INFO | Training Shape : (4033, 39)
2026-07-09 11:32:25,140 | INFO | Loading processed dataset...
2026-07-09 11:32:25,169 | INFO | Training Shape : (4033, 39)
2026-07-09 11:32:36,801 | INFO | Loading processed dataset...
2026-07-09 11:32:36,829 | INFO | Training Shape : (4033, 39)
2026-07-09 11:32:51,402 | INFO | Loading processed dataset...
2026-07-09 11:32:51,429 | INFO | Training Shape : (4033, 39)
2026-07-09 11:32:51,429 | INFO | Training Optimized CatBoost...
2026-07-09 11:32:53,722 | INFO | Training Completed.
2026-07-09 11:32:53,727 | INFO | Best Model Saved : C:\Users\raich\Desktop\churn\Customer-Churn-Demand-Prediction-Using-ML\models\best_model.pkl
2026-07-09 11:32:53,728 | INFO | Best Parameters Saved : C:\Users\raich\Desktop\churn\Customer-Churn-Demand-Prediction-Using-ML\models\best_params.json
2026-07-09 11:32:53,791 | INFO | Study Saved : C:\Users\raich\Desktop\churn\Customer-Churn-Demand-Prediction-Using-ML\models\study.pkl
2026-07-09 11:32:53,811 | INFO | Optimization History Saved : C:\Users\raich\Desktop\churn\Customer-Churn-Demand-Prediction-Using-ML\models\optimization_history.csv
2026-07-09 11:32:53,813 | INFO | ================================================================================
2026-07-09 11:32:53,814 | INFO | OPTUNA TUNING COMPLETED
2026-07-09 11:32:53,814 | INFO | ================================================================================
2026-07-09 11:40:57,682 | INFO | Loading Test Dataset...
2026-07-09 11:40:57,701 | INFO | Test Shape : (1009, 39)
2026-07-09 11:40:57,756 | INFO | Generating Evaluation Plots...
2026-07-09 11:41:05,554 | INFO | Evaluation Reports Saved.
2026-07-09 11:41:05,555 | INFO | ================================================================================
2026-07-09 11:41:05,555 | INFO | MODEL EVALUATION COMPLETED
2026-07-09 11:41:05,556 | INFO | ================================================================================
2026-07-09 12:21:06,267 | INFO | ================================================================================
2026-07-09 12:21:06,267 | INFO | Revenue Risk Analysis Started
2026-07-09 12:21:06,269 | INFO | ================================================================================
2026-07-09 12:21:06,269 | INFO | Loading customer dataset...
2026-07-09 12:39:25,288 | INFO | Loading processed dataset...
2026-07-09 12:39:25,347 | INFO | Dataset Loaded Successfully.
2026-07-09 12:39:25,347 | INFO | ======================================================================
2026-07-09 12:39:25,347 | INFO | Training Models...
2026-07-09 12:39:25,348 | INFO | ======================================================================
2026-07-09 12:42:47,546 | INFO | Loading processed dataset...
2026-07-09 12:42:47,593 | INFO | Dataset Loaded Successfully.
2026-07-09 12:42:47,593 | INFO | ======================================================================
2026-07-09 12:42:47,593 | INFO | Training Models...
2026-07-09 12:42:47,593 | INFO | ======================================================================
2026-07-09 12:44:28,801 | INFO | Training Completed.
2026-07-09 12:44:28,839 | INFO | Best Model Saved : C:\Users\raich\Desktop\churn\Customer-Churn-Demand-Prediction-Using-ML\models\churn_model.pkl
2026-07-09 12:44:28,845 | INFO | Metrics Saved : C:\Users\raich\Desktop\churn\Customer-Churn-Demand-Prediction-Using-ML\models\model_metrics.csv
2026-07-09 12:44:28,848 | INFO | Best Model Info Saved : C:\Users\raich\Desktop\churn\Customer-Churn-Demand-Prediction-Using-ML\models\best_model_info.json
2026-07-09 12:44:28,853 | INFO | Feature Importance Saved : C:\Users\raich\Desktop\churn\Customer-Churn-Demand-Prediction-Using-ML\models\feature_importance.csv
2026-07-09 12:44:28,866 | INFO | ================================================================================
2026-07-09 12:44:28,867 | INFO | MODEL TRAINING COMPLETED
2026-07-09 12:44:28,868 | INFO | ================================================================================
2026-07-09 08:18:29,971 | INFO | Loaded test data: X=(1009, 39), y=(1009,)
2026-07-09 08:18:30,056 | INFO | Saved evaluation metrics to /workspaces/Customer-Churn-Demand-Prediction-Using-ML/reports/evaluation_metrics.json
2026-07-09 08:18:30,059 | INFO | Saved classification report to /workspaces/Customer-Churn-Demand-Prediction-Using-ML/reports/classification_report.csv
2026-07-09 08:18:30,060 | INFO | Saved confusion matrix to /workspaces/Customer-Churn-Demand-Prediction-Using-ML/reports/confusion_matrix.csv
2026-07-09 08:18:31,700 | INFO | Evaluation completed successfully
2026-07-09 08:20:41,842 | INFO | Loading cleaned dataset from /workspaces/Customer-Churn-Demand-Prediction-Using-ML/Data/processed/cleaned_telco.csv
2026-07-09 08:20:41,908 | INFO | Loaded dataset shape: (5042, 21)
2026-07-09 08:20:41,952 | INFO | Train shape: (4033, 19) | Test shape: (1009, 19)
2026-07-09 08:20:41,955 | INFO | Preprocessing pipeline created
2026-07-09 08:20:41,955 | INFO | Fitting preprocessing pipeline on training data
2026-07-09 08:20:42,060 | INFO | Processed train shape: (4033, 39) | processed test shape: (1009, 39)
2026-07-09 08:20:42,173 | INFO | Resampled training shape: (5928, 39)
2026-07-09 08:20:42,502 | INFO | Saved processed datasets to /workspaces/Customer-Churn-Demand-Prediction-Using-ML/Data/processed
2026-07-09 08:20:42,900 | INFO | Saved resampled datasets to /workspaces/Customer-Churn-Demand-Prediction-Using-ML/Data/resampled
2026-07-09 08:20:42,906 | INFO | Saved preprocessing pipeline
2026-07-09 08:20:42,906 | INFO | Saved 39 feature names
2026-07-09 08:20:42,907 | INFO | Preprocessing completed successfully
2026-07-09 08:21:02,977 | INFO | Loaded training data: train=(4033, 39), test=(1009, 39)
2026-07-09 08:21:02,980 | INFO | Starting model comparison
2026-07-09 08:21:02,981 | INFO | Training model: Logistic Regression
2026-07-09 08:21:03,454 | INFO | Model Logistic Regression -> Accuracy=0.7413 Precision=0.5070 Recall=0.8165 F1=0.6255 ROC_AUC=0.8514 CV=0.8472
2026-07-09 08:21:03,455 | INFO | Training model: Random Forest
2026-07-09 08:21:14,744 | INFO | Model Random Forest -> Accuracy=0.7909 Precision=0.6296 Recall=0.5094 F1=0.5631 ROC_AUC=0.8407 CV=0.8282
2026-07-09 08:21:14,746 | INFO | Training model: Decision Tree
2026-07-09 08:21:14,977 | INFO | Model Decision Tree -> Accuracy=0.7344 Precision=0.4981 Recall=0.4831 F1=0.4905 ROC_AUC=0.6536 CV=0.6576
2026-07-09 08:21:14,977 | INFO | Training model: Gradient Boosting
2026-07-09 08:21:19,016 | INFO | Model Gradient Boosting -> Accuracy=0.7998 Precision=0.6395 Recall=0.5581 F1=0.5960 ROC_AUC=0.8540 CV=0.8457
2026-07-09 08:21:19,017 | INFO | Training model: AdaBoost
2026-07-09 08:21:25,224 | INFO | Model AdaBoost -> Accuracy=0.7978 Precision=0.6352 Recall=0.5543 F1=0.5920 ROC_AUC=0.8530 CV=0.8481
2026-07-09 08:21:25,224 | INFO | Training model: XGBoost
2026-07-09 08:21:27,459 | INFO | Model XGBoost -> Accuracy=0.7968 Precision=0.6303 Recall=0.5618 F1=0.5941 ROC_AUC=0.8517 CV=0.8423
2026-07-09 08:21:27,460 | INFO | Training model: LightGBM
2026-07-09 08:21:29,172 | INFO | Model LightGBM -> Accuracy=0.7859 Precision=0.6076 Recall=0.5393 F1=0.5714 ROC_AUC=0.8321 CV=0.8263
2026-07-09 08:21:29,172 | INFO | Training model: CatBoost
2026-07-09 08:21:37,226 | INFO | Model CatBoost -> Accuracy=0.8028 Precision=0.6491 Recall=0.5543 F1=0.5980 ROC_AUC=0.8528 CV=0.8374
2026-07-09 08:21:37,226 | INFO | Training model: SVM
2026-07-09 08:21:50,902 | INFO | Model SVM -> Accuracy=0.7502 Precision=0.5185 Recall=0.7865 F1=0.6250 ROC_AUC=0.8298 CV=0.8315
2026-07-09 08:21:50,903 | INFO | Best model selected: Gradient Boosting
2026-07-09 08:21:50,908 | INFO | Saved best model to /workspaces/Customer-Churn-Demand-Prediction-Using-ML/models/best_model.pkl
2026-07-09 08:21:50,911 | INFO | Saved model metrics to /workspaces/Customer-Churn-Demand-Prediction-Using-ML/models/model_metrics.csv
2026-07-09 08:21:50,911 | INFO | Saved best model info to /workspaces/Customer-Churn-Demand-Prediction-Using-ML/models/best_model_info.json
2026-07-09 08:21:50,916 | INFO | Saved tree-based feature importance to /workspaces/Customer-Churn-Demand-Prediction-Using-ML/models/feature_importance.csv
2026-07-09 08:21:50,917 | INFO | Model training completed successfully
2026-07-09 08:24:07,237 | INFO | Loaded training data: train=(4033, 39), test=(1009, 39)
2026-07-09 08:24:07,237 | INFO | Starting model comparison
2026-07-09 08:24:07,237 | INFO | Training model: Logistic Regression
2026-07-09 08:24:07,734 | INFO | Model Logistic Regression -> Accuracy=0.7413 Precision=0.5070 Recall=0.8165 F1=0.6255 ROC_AUC=0.8514 CV=0.8472
2026-07-09 08:24:07,736 | INFO | Training model: Random Forest
2026-07-09 08:24:19,079 | INFO | Model Random Forest -> Accuracy=0.7909 Precision=0.6296 Recall=0.5094 F1=0.5631 ROC_AUC=0.8407 CV=0.8282
2026-07-09 08:24:19,080 | INFO | Training model: Decision Tree
2026-07-09 08:24:19,241 | INFO | Model Decision Tree -> Accuracy=0.7344 Precision=0.4981 Recall=0.4831 F1=0.4905 ROC_AUC=0.6536 CV=0.6576
2026-07-09 08:24:19,241 | INFO | Training model: Gradient Boosting
2026-07-09 08:24:23,218 | INFO | Model Gradient Boosting -> Accuracy=0.7998 Precision=0.6395 Recall=0.5581 F1=0.5960 ROC_AUC=0.8540 CV=0.8457
2026-07-09 08:24:23,218 | INFO | Training model: AdaBoost
2026-07-09 08:24:29,408 | INFO | Model AdaBoost -> Accuracy=0.7978 Precision=0.6352 Recall=0.5543 F1=0.5920 ROC_AUC=0.8530 CV=0.8481
2026-07-09 08:24:29,408 | INFO | Training model: XGBoost
2026-07-09 08:24:31,437 | INFO | Model XGBoost -> Accuracy=0.7968 Precision=0.6303 Recall=0.5618 F1=0.5941 ROC_AUC=0.8517 CV=0.8423
2026-07-09 08:24:31,438 | INFO | Training model: LightGBM
2026-07-09 08:24:33,215 | INFO | Model LightGBM -> Accuracy=0.7859 Precision=0.6076 Recall=0.5393 F1=0.5714 ROC_AUC=0.8321 CV=0.8263
2026-07-09 08:24:33,215 | INFO | Training model: CatBoost
2026-07-09 08:24:41,368 | INFO | Model CatBoost -> Accuracy=0.8028 Precision=0.6491 Recall=0.5543 F1=0.5980 ROC_AUC=0.8528 CV=0.8374
2026-07-09 08:24:41,368 | INFO | Training model: SVM
2026-07-09 08:24:54,097 | INFO | Model SVM -> Accuracy=0.7939 Precision=0.6050 Recall=0.6367 F1=0.6204 ROC_AUC=0.8298 CV=0.8315
2026-07-09 08:24:54,099 | INFO | Best model selected: Gradient Boosting
2026-07-09 08:24:54,103 | INFO | Saved best model to /workspaces/Customer-Churn-Demand-Prediction-Using-ML/models/best_model.pkl
2026-07-09 08:24:54,106 | INFO | Saved model metrics to /workspaces/Customer-Churn-Demand-Prediction-Using-ML/models/model_metrics.csv
2026-07-09 08:24:54,106 | INFO | Saved best model info to /workspaces/Customer-Churn-Demand-Prediction-Using-ML/models/best_model_info.json
2026-07-09 08:24:54,110 | INFO | Saved tree-based feature importance to /workspaces/Customer-Churn-Demand-Prediction-Using-ML/models/feature_importance.csv
2026-07-09 08:24:54,110 | INFO | Model training completed successfully
2026-07-09 08:25:22,335 | INFO | Loaded best model name: Gradient Boosting
2026-07-09 08:25:22,354 | INFO | Loaded tuning data: X=(4033, 39), y=(4033,)
2026-07-09 08:25:30,413 | INFO | Loaded tuning data: X=(4033, 39), y=(4033,)
2026-07-09 08:25:36,055 | INFO | Loaded tuning data: X=(4033, 39), y=(4033,)
2026-07-09 08:25:44,458 | INFO | Loaded tuning data: X=(4033, 39), y=(4033,)
2026-07-09 08:25:53,434 | INFO | Loaded tuning data: X=(4033, 39), y=(4033,)
2026-07-09 08:25:58,220 | INFO | Loaded tuning data: X=(4033, 39), y=(4033,)
2026-07-09 08:26:05,514 | INFO | Loaded tuning data: X=(4033, 39), y=(4033,)
2026-07-09 08:26:13,163 | INFO | Loaded tuning data: X=(4033, 39), y=(4033,)
2026-07-09 08:26:16,457 | INFO | Loaded tuning data: X=(4033, 39), y=(4033,)
2026-07-09 08:26:31,494 | INFO | Loaded tuning data: X=(4033, 39), y=(4033,)
2026-07-09 08:26:37,821 | INFO | Loaded tuning data: X=(4033, 39), y=(4033,)
2026-07-09 08:26:59,413 | INFO | Loaded tuning data: X=(4033, 39), y=(4033,)
2026-07-09 08:27:09,018 | INFO | Loaded tuning data: X=(4033, 39), y=(4033,)
2026-07-09 08:27:20,346 | INFO | Loaded tuning data: X=(4033, 39), y=(4033,)
2026-07-09 08:27:30,653 | INFO | Loaded tuning data: X=(4033, 39), y=(4033,)
2026-07-09 08:27:40,948 | INFO | Loaded tuning data: X=(4033, 39), y=(4033,)
2026-07-09 08:27:51,594 | INFO | Loaded tuning data: X=(4033, 39), y=(4033,)
2026-07-09 08:28:03,069 | INFO | Loaded tuning data: X=(4033, 39), y=(4033,)
2026-07-09 08:28:12,408 | INFO | Loaded tuning data: X=(4033, 39), y=(4033,)
2026-07-09 08:28:25,530 | INFO | Loaded tuning data: X=(4033, 39), y=(4033,)
2026-07-09 08:28:33,923 | INFO | Loaded tuning data: X=(4033, 39), y=(4033,)
2026-07-09 08:28:46,057 | INFO | Loaded tuning data: X=(4033, 39), y=(4033,)
2026-07-09 08:28:56,807 | INFO | Loaded tuning data: X=(4033, 39), y=(4033,)
2026-07-09 08:29:04,703 | INFO | Loaded tuning data: X=(4033, 39), y=(4033,)
2026-07-09 08:29:11,935 | INFO | Loaded tuning data: X=(4033, 39), y=(4033,)
2026-07-09 08:29:19,061 | INFO | Loaded tuning data: X=(4033, 39), y=(4033,)
2026-07-09 08:29:25,758 | INFO | Loaded tuning data: X=(4033, 39), y=(4033,)
2026-07-09 08:29:31,683 | INFO | Loaded tuning data: X=(4033, 39), y=(4033,)
2026-07-09 08:29:38,785 | INFO | Loaded tuning data: X=(4033, 39), y=(4033,)
2026-07-09 08:29:49,900 | INFO | Loaded tuning data: X=(4033, 39), y=(4033,)
2026-07-09 08:29:53,806 | INFO | Loaded tuning data: X=(4033, 39), y=(4033,)
2026-07-09 08:29:59,334 | INFO | Loaded tuning data: X=(4033, 39), y=(4033,)
2026-07-09 08:30:04,982 | INFO | Loaded tuning data: X=(4033, 39), y=(4033,)
2026-07-09 08:30:10,117 | INFO | Loaded tuning data: X=(4033, 39), y=(4033,)
2026-07-09 08:30:15,309 | INFO | Loaded tuning data: X=(4033, 39), y=(4033,)
2026-07-09 08:30:19,732 | INFO | Loaded tuning data: X=(4033, 39), y=(4033,)
2026-07-09 08:30:22,377 | INFO | Loaded tuning data: X=(4033, 39), y=(4033,)
2026-07-09 08:30:28,475 | INFO | Loaded tuning data: X=(4033, 39), y=(4033,)
2026-07-09 08:30:32,689 | INFO | Loaded tuning data: X=(4033, 39), y=(4033,)
2026-07-09 08:30:37,868 | INFO | Loaded tuning data: X=(4033, 39), y=(4033,)
2026-07-09 08:30:49,876 | INFO | Loaded tuning data: X=(4033, 39), y=(4033,)
2026-07-09 08:30:55,188 | INFO | Loaded tuning data: X=(4033, 39), y=(4033,)
2026-07-09 08:31:00,583 | INFO | Loaded tuning data: X=(4033, 39), y=(4033,)
2026-07-09 08:31:05,193 | INFO | Loaded tuning data: X=(4033, 39), y=(4033,)
2026-07-09 08:31:08,921 | INFO | Loaded tuning data: X=(4033, 39), y=(4033,)
2026-07-09 08:31:15,318 | INFO | Loaded tuning data: X=(4033, 39), y=(4033,)
2026-07-09 08:31:20,995 | INFO | Loaded tuning data: X=(4033, 39), y=(4033,)
2026-07-09 08:31:26,303 | INFO | Loaded tuning data: X=(4033, 39), y=(4033,)
2026-07-09 08:31:31,876 | INFO | Loaded tuning data: X=(4033, 39), y=(4033,)
2026-07-09 08:31:40,911 | INFO | Loaded tuning data: X=(4033, 39), y=(4033,)
2026-07-09 08:31:47,267 | INFO | Loaded tuning data: X=(4033, 39), y=(4033,)
2026-07-09 08:31:57,207 | INFO | Loaded tuning data: X=(4033, 39), y=(4033,)
2026-07-09 08:32:02,498 | INFO | Loaded tuning data: X=(4033, 39), y=(4033,)
2026-07-09 08:32:07,615 | INFO | Loaded tuning data: X=(4033, 39), y=(4033,)
2026-07-09 08:32:13,565 | INFO | Loaded tuning data: X=(4033, 39), y=(4033,)
2026-07-09 08:32:19,468 | INFO | Loaded tuning data: X=(4033, 39), y=(4033,)
2026-07-09 08:32:24,101 | INFO | Loaded tuning data: X=(4033, 39), y=(4033,)
2026-07-09 08:32:31,499 | INFO | Loaded tuning data: X=(4033, 39), y=(4033,)
2026-07-09 08:32:38,266 | INFO | Loaded tuning data: X=(4033, 39), y=(4033,)
2026-07-09 08:32:47,169 | INFO | Loaded tuning data: X=(4033, 39), y=(4033,)
2026-07-09 08:32:55,860 | INFO | Loaded tuning data: X=(4033, 39), y=(4033,)
2026-07-09 08:33:02,220 | INFO | Loaded tuning data: X=(4033, 39), y=(4033,)
2026-07-09 08:33:09,000 | INFO | Loaded tuning data: X=(4033, 39), y=(4033,)
2026-07-09 08:33:15,173 | INFO | Loaded tuning data: X=(4033, 39), y=(4033,)
2026-07-09 08:33:22,077 | INFO | Loaded tuning data: X=(4033, 39), y=(4033,)
2026-07-09 08:33:28,318 | INFO | Loaded tuning data: X=(4033, 39), y=(4033,)
2026-07-09 08:33:37,950 | INFO | Loaded tuning data: X=(4033, 39), y=(4033,)
2026-07-09 08:33:46,866 | INFO | Loaded tuning data: X=(4033, 39), y=(4033,)
2026-07-09 08:33:54,281 | INFO | Loaded tuning data: X=(4033, 39), y=(4033,)
2026-07-09 08:34:01,242 | INFO | Loaded tuning data: X=(4033, 39), y=(4033,)
2026-07-09 08:34:07,828 | INFO | Loaded tuning data: X=(4033, 39), y=(4033,)
2026-07-09 08:34:16,277 | INFO | Loaded tuning data: X=(4033, 39), y=(4033,)
2026-07-09 08:34:22,990 | INFO | Loaded tuning data: X=(4033, 39), y=(4033,)
2026-07-09 08:34:28,700 | INFO | Loaded tuning data: X=(4033, 39), y=(4033,)
2026-07-09 08:34:35,828 | INFO | Loaded tuning data: X=(4033, 39), y=(4033,)
2026-07-09 08:34:43,313 | INFO | Loaded tuning data: X=(4033, 39), y=(4033,)
2026-07-09 08:34:51,137 | INFO | Loaded tuning data: X=(4033, 39), y=(4033,)
2026-07-09 08:34:58,332 | INFO | Loaded tuning data: X=(4033, 39), y=(4033,)
2026-07-09 08:35:06,237 | INFO | Loaded tuning data: X=(4033, 39), y=(4033,)
2026-07-09 08:35:13,731 | INFO | Loaded tuning data: X=(4033, 39), y=(4033,)
2026-07-09 08:35:22,916 | INFO | Loaded tuning data: X=(4033, 39), y=(4033,)
2026-07-09 08:35:36,547 | INFO | Loaded tuning data: X=(4033, 39), y=(4033,)
2026-07-09 08:35:42,252 | INFO | Loaded tuning data: X=(4033, 39), y=(4033,)
2026-07-09 08:35:49,305 | INFO | Loaded tuning data: X=(4033, 39), y=(4033,)
2026-07-09 08:35:54,591 | INFO | Loaded tuning data: X=(4033, 39), y=(4033,)
2026-07-09 08:35:59,689 | INFO | Loaded tuning data: X=(4033, 39), y=(4033,)
2026-07-09 08:36:07,069 | INFO | Loaded tuning data: X=(4033, 39), y=(4033,)
2026-07-09 08:36:14,327 | INFO | Loaded tuning data: X=(4033, 39), y=(4033,)
2026-07-09 08:36:22,129 | INFO | Loaded tuning data: X=(4033, 39), y=(4033,)
2026-07-09 08:36:28,651 | INFO | Loaded tuning data: X=(4033, 39), y=(4033,)
2026-07-09 08:36:31,372 | INFO | Loaded tuning data: X=(4033, 39), y=(4033,)
2026-07-09 08:36:37,224 | INFO | Loaded tuning data: X=(4033, 39), y=(4033,)
2026-07-09 08:36:44,994 | INFO | Loaded tuning data: X=(4033, 39), y=(4033,)
2026-07-09 08:36:53,200 | INFO | Loaded tuning data: X=(4033, 39), y=(4033,)
2026-07-09 08:37:01,408 | INFO | Loaded tuning data: X=(4033, 39), y=(4033,)
2026-07-09 08:37:09,431 | INFO | Loaded tuning data: X=(4033, 39), y=(4033,)
2026-07-09 08:37:18,536 | INFO | Loaded tuning data: X=(4033, 39), y=(4033,)
2026-07-09 08:37:27,233 | INFO | Loaded tuning data: X=(4033, 39), y=(4033,)
2026-07-09 08:37:35,423 | INFO | Loaded tuning data: X=(4033, 39), y=(4033,)
2026-07-09 08:37:43,158 | INFO | Loaded tuning data: X=(4033, 39), y=(4033,)
2026-07-09 08:37:50,965 | INFO | Optuna completed for Gradient Boosting with best ROC AUC 0.8507
2026-07-09 08:37:50,978 | INFO | Loaded tuning data: X=(4033, 39), y=(4033,)
2026-07-09 08:37:52,459 | INFO | Trained tuned model for Gradient Boosting
2026-07-09 08:37:52,470 | INFO | Saved tuned model to /workspaces/Customer-Churn-Demand-Prediction-Using-ML/models/best_model.pkl
2026-07-09 08:37:52,471 | INFO | Saved best parameters to /workspaces/Customer-Churn-Demand-Prediction-Using-ML/models/best_params.json
2026-07-09 08:37:52,493 | INFO | Saved study to /workspaces/Customer-Churn-Demand-Prediction-Using-ML/models/study.pkl
2026-07-09 08:37:52,513 | INFO | Saved optimization history to /workspaces/Customer-Churn-Demand-Prediction-Using-ML/models/optimization_history.csv
2026-07-09 08:37:52,513 | INFO | Best ROC AUC for Gradient Boosting: 0.8507
2026-07-09 08:37:52,513 | INFO | Best parameters: {'n_estimators': 380, 'learning_rate': 0.02205253848539252, 'max_depth': 2, 'min_samples_split': 8, 'min_samples_leaf': 7, 'subsample': 0.6488102966320539}
2026-07-09 08:37:52,514 | INFO | Optuna tuning completed successfully
2026-07-09 08:38:25,063 | INFO | Single prediction generated: {'prediction': 1, 'probability': 0.672, 'risk_level': 'High', 'prediction_label': 'Churn likely'}
2026-07-09 08:39:01,689 | INFO | Loaded revenue-risk input data with shape (5043, 23)
2026-07-09 08:39:01,840 | INFO | Batch prediction completed for 5043 records
2026-07-09 08:39:01,844 | INFO | Generated churn predictions for revenue-risk analysis
2026-07-09 08:39:01,937 | INFO | Calculated revenue-risk columns
2026-07-09 08:39:01,950 | INFO | Assigned customer risk segments
2026-07-09 08:39:01,967 | INFO | Saved 152 high-risk customers
2026-07-09 08:39:01,970 | INFO | Saved revenue summary
2026-07-09 08:39:01,995 | INFO | Saved revenue-by-segment report
2026-07-09 08:39:01,997 | INFO | Saved executive KPIs
2026-07-09 08:39:02,594 | INFO | Saved revenue risk plot to /workspaces/Customer-Churn-Demand-Prediction-Using-ML/reports/revenue_risk_by_segment.png
2026-07-09 08:39:02,697 | INFO | Revenue-risk analysis completed successfully
2026-07-09 08:40:24,794 | INFO | Loaded revenue-risk input data with shape (5043, 23)
2026-07-09 08:40:24,976 | INFO | Batch prediction completed for 5043 records
2026-07-09 08:40:24,980 | INFO | Generated churn predictions for revenue-risk analysis
2026-07-09 08:40:25,055 | INFO | Calculated revenue-risk columns
2026-07-09 08:40:25,061 | INFO | Assigned customer risk segments
2026-07-09 08:40:25,075 | INFO | Saved 152 high-risk customers
2026-07-09 08:40:25,078 | INFO | Saved revenue summary
2026-07-09 08:40:25,096 | INFO | Saved revenue-by-segment report
2026-07-09 08:40:25,098 | INFO | Saved executive KPIs
2026-07-09 08:40:25,603 | INFO | Saved revenue risk plot to /workspaces/Customer-Churn-Demand-Prediction-Using-ML/reports/revenue_risk_by_segment.png
2026-07-09 08:40:25,687 | INFO | Revenue-risk analysis completed successfully
2026-07-09 08:40:47,557 | INFO | Saved recommendations to /workspaces/Customer-Churn-Demand-Prediction-Using-ML/reports/recommendations.csv
2026-07-09 08:40:47,557 | INFO | Generated customer recommendations successfully
2026-07-09 08:41:17,528 | INFO | Created SHAP explainer
2026-07-09 08:41:17,960 | ERROR | SHAP explainability failed
Traceback (most recent call last):
  File "/workspaces/Customer-Churn-Demand-Prediction-Using-ML/src/shap_explainer.py", line 214, in run
    self.calculate_shap_values()
  File "/workspaces/Customer-Churn-Demand-Prediction-Using-ML/src/shap_explainer.py", line 104, in calculate_shap_values
    "Mean_Abs_SHAP": pd.Series(values).abs().mean(axis=0),
                     ^^^^^^^^^^^^^^^^^
  File "/workspaces/Customer-Churn-Demand-Prediction-Using-ML/.venv/lib/python3.12/site-packages/pandas/core/series.py", line 514, in __init__
    data = sanitize_array(data, index, dtype, copy)
           ^^^^^^^^^^^^^^^^^^^^^^^^^^^^^^^^^^^^^^^^
  File "/workspaces/Customer-Churn-Demand-Prediction-Using-ML/.venv/lib/python3.12/site-packages/pandas/core/construction.py", line 681, in sanitize_array
    subarr = _sanitize_ndim(subarr, data, dtype, index, allow_2d=allow_2d)
             ^^^^^^^^^^^^^^^^^^^^^^^^^^^^^^^^^^^^^^^^^^^^^^^^^^^^^^^^^^^^^
  File "/workspaces/Customer-Churn-Demand-Prediction-Using-ML/.venv/lib/python3.12/site-packages/pandas/core/construction.py", line 740, in _sanitize_ndim
    raise ValueError(
ValueError: Data must be 1-dimensional, got ndarray of shape (200, 39) instead
2026-07-09 08:42:23,779 | INFO | Loaded test data: X=(1009, 39), y=(1009,)
2026-07-09 08:42:23,882 | INFO | Saved evaluation metrics to /workspaces/Customer-Churn-Demand-Prediction-Using-ML/reports/evaluation_metrics.json
2026-07-09 08:42:23,886 | INFO | Saved classification report to /workspaces/Customer-Churn-Demand-Prediction-Using-ML/reports/classification_report.csv
2026-07-09 08:42:23,888 | INFO | Saved confusion matrix to /workspaces/Customer-Churn-Demand-Prediction-Using-ML/reports/confusion_matrix.csv
2026-07-09 08:42:25,641 | INFO | Evaluation completed successfully
2026-07-09 08:42:49,233 | INFO | Created SHAP explainer
2026-07-09 08:42:49,871 | ERROR | SHAP explainability failed
Traceback (most recent call last):
  File "/workspaces/Customer-Churn-Demand-Prediction-Using-ML/src/shap_explainer.py", line 214, in run
    self.calculate_shap_values()
  File "/workspaces/Customer-Churn-Demand-Prediction-Using-ML/src/shap_explainer.py", line 104, in calculate_shap_values
    "Mean_Abs_SHAP": pd.Series(values).abs().mean(axis=0),
                     ^^^^^^^^^^^^^^^^^
  File "/workspaces/Customer-Churn-Demand-Prediction-Using-ML/.venv/lib/python3.12/site-packages/pandas/core/series.py", line 514, in __init__
    data = sanitize_array(data, index, dtype, copy)
           ^^^^^^^^^^^^^^^^^^^^^^^^^^^^^^^^^^^^^^^^
  File "/workspaces/Customer-Churn-Demand-Prediction-Using-ML/.venv/lib/python3.12/site-packages/pandas/core/construction.py", line 681, in sanitize_array
    subarr = _sanitize_ndim(subarr, data, dtype, index, allow_2d=allow_2d)
             ^^^^^^^^^^^^^^^^^^^^^^^^^^^^^^^^^^^^^^^^^^^^^^^^^^^^^^^^^^^^^
  File "/workspaces/Customer-Churn-Demand-Prediction-Using-ML/.venv/lib/python3.12/site-packages/pandas/core/construction.py", line 740, in _sanitize_ndim
    raise ValueError(
ValueError: Data must be 1-dimensional, got ndarray of shape (200, 39) instead
2026-07-09 08:43:50,122 | INFO | Created SHAP explainer
2026-07-09 08:44:33,001 | INFO | Created SHAP explainer
2026-07-09 08:44:33,033 | INFO | Calculated SHAP values for 5 rows
2026-07-09 08:45:05,068 | INFO | Created SHAP explainer
2026-07-09 08:45:05,750 | INFO | Calculated SHAP values for 200 rows
2026-07-09 08:45:08,365 | INFO | SHAP explainability artifacts generated successfully
